[05-Jun-2016 18:08:50 UTC] PHP Warning:  PDOStatement::fetch(): SQLSTATE[HY000]: General error in /home/ubuntu/workspace/init/index.php on line 198
[05-Jun-2016 18:08:50 UTC] PHP Stack trace:
[05-Jun-2016 18:08:50 UTC] PHP   1. {main}() /home/ubuntu/workspace/init/index.php:0
[05-Jun-2016 18:08:50 UTC] PHP   2. PDOStatement->fetch() /home/ubuntu/workspace/init/index.php:198
[05-Jun-2016 18:08:50 UTC] PHP Warning:  PDOStatement::fetch(): SQLSTATE[HY000]: General error in /home/ubuntu/workspace/init/index.php on line 219
[05-Jun-2016 18:08:50 UTC] PHP Stack trace:
[05-Jun-2016 18:08:50 UTC] PHP   1. {main}() /home/ubuntu/workspace/init/index.php:0
[05-Jun-2016 18:08:50 UTC] PHP   2. PDOStatement->fetch() /home/ubuntu/workspace/init/index.php:219
[05-Jun-2016 18:08:50 UTC] PHP Warning:  PDOStatement::fetch(): SQLSTATE[HY000]: General error in /home/ubuntu/workspace/init/index.php on line 240
[05-Jun-2016 18:08:50 UTC] PHP Stack trace:
[05-Jun-2016 18:08:50 UTC] PHP   1. {main}() /home/ubuntu/workspace/init/index.php:0
[05-Jun-2016 18:08:50 UTC] PHP   2. PDOStatement->fetch() /home/ubuntu/workspace/init/index.php:240
[05-Jun-2016 18:22:46 UTC] PHP Parse error:  syntax error, unexpected '}' in /home/ubuntu/workspace/init/index.php on line 302
[05-Jun-2016 18:24:05 UTC] PHP Warning:  PDOStatement::fetch(): SQLSTATE[HY000]: General error in /home/ubuntu/workspace/init/index.php on line 208
[05-Jun-2016 18:24:05 UTC] PHP Stack trace:
[05-Jun-2016 18:24:05 UTC] PHP   1. {main}() /home/ubuntu/workspace/init/index.php:0
[05-Jun-2016 18:24:05 UTC] PHP   2. PDOStatement->fetch() /home/ubuntu/workspace/init/index.php:208
[05-Jun-2016 18:24:05 UTC] PHP Warning:  PDOStatement::fetch(): SQLSTATE[HY000]: General error in /home/ubuntu/workspace/init/index.php on line 229
[05-Jun-2016 18:24:05 UTC] PHP Stack trace:
[05-Jun-2016 18:24:05 UTC] PHP   1. {main}() /home/ubuntu/workspace/init/index.php:0
[05-Jun-2016 18:24:05 UTC] PHP   2. PDOStatement->fetch() /home/ubuntu/workspace/init/index.php:229
[05-Jun-2016 18:24:05 UTC] PHP Warning:  PDOStatement::fetch(): SQLSTATE[HY000]: General error in /home/ubuntu/workspace/init/index.php on line 250
[05-Jun-2016 18:24:05 UTC] PHP Stack trace:
[05-Jun-2016 18:24:05 UTC] PHP   1. {main}() /home/ubuntu/workspace/init/index.php:0
[05-Jun-2016 18:24:05 UTC] PHP   2. PDOStatement->fetch() /home/ubuntu/workspace/init/index.php:250
[05-Jun-2016 18:24:05 UTC] PHP Fatal error:  Call to a member function prepare() on a non-object in /home/ubuntu/workspace/init/index.php on line 268
[05-Jun-2016 18:24:05 UTC] PHP Stack trace:
[05-Jun-2016 18:24:05 UTC] PHP   1. {main}() /home/ubuntu/workspace/init/index.php:0
[05-Jun-2016 18:24:07 UTC] PHP Fatal error:  Call to a member function prepare() on a non-object in /home/ubuntu/workspace/init/index.php on line 268
[05-Jun-2016 18:24:07 UTC] PHP Stack trace:
[05-Jun-2016 18:24:07 UTC] PHP   1. {main}() /home/ubuntu/workspace/init/index.php:0
[05-Jun-2016 18:25:31 UTC] PHP Warning:  PDOStatement::fetch(): SQLSTATE[HY000]: General error in /home/ubuntu/workspace/init/index.php on line 208
[05-Jun-2016 18:25:31 UTC] PHP Stack trace:
[05-Jun-2016 18:25:31 UTC] PHP   1. {main}() /home/ubuntu/workspace/init/index.php:0
[05-Jun-2016 18:25:31 UTC] PHP   2. PDOStatement->fetch() /home/ubuntu/workspace/init/index.php:208
[05-Jun-2016 18:25:31 UTC] PHP Warning:  PDOStatement::fetch(): SQLSTATE[HY000]: General error in /home/ubuntu/workspace/init/index.php on line 229
[05-Jun-2016 18:25:31 UTC] PHP Stack trace:
[05-Jun-2016 18:25:31 UTC] PHP   1. {main}() /home/ubuntu/workspace/init/index.php:0
[05-Jun-2016 18:25:31 UTC] PHP   2. PDOStatement->fetch() /home/ubuntu/workspace/init/index.php:229
[05-Jun-2016 18:25:31 UTC] PHP Warning:  PDOStatement::fetch(): SQLSTATE[HY000]: General error in /home/ubuntu/workspace/init/index.php on line 250
[05-Jun-2016 18:25:31 UTC] PHP Stack trace:
[05-Jun-2016 18:25:31 UTC] PHP   1. {main}() /home/ubuntu/workspace/init/index.php:0
[05-Jun-2016 18:25:31 UTC] PHP   2. PDOStatement->fetch() /home/ubuntu/workspace/init/index.php:250
[05-Jun-2016 18:25:31 UTC] PHP Warning:  PDOStatement::execute(): SQLSTATE[23000]: Integrity constraint violation: 1048 Column 'Username' cannot be null in /home/ubuntu/workspace/init/index.php on line 285
[05-Jun-2016 18:25:31 UTC] PHP Stack trace:
[05-Jun-2016 18:25:31 UTC] PHP   1. {main}() /home/ubuntu/workspace/init/index.php:0
[05-Jun-2016 18:25:31 UTC] PHP   2. PDOStatement->execute() /home/ubuntu/workspace/init/index.php:285
[05-Jun-2016 18:25:32 UTC] PHP Warning:  PDOStatement::execute(): SQLSTATE[23000]: Integrity constraint violation: 1048 Column 'Username' cannot be null in /home/ubuntu/workspace/init/index.php on line 285
[05-Jun-2016 18:25:32 UTC] PHP Stack trace:
[05-Jun-2016 18:25:32 UTC] PHP   1. {main}() /home/ubuntu/workspace/init/index.php:0
[05-Jun-2016 18:25:32 UTC] PHP   2. PDOStatement->execute() /home/ubuntu/workspace/init/index.php:285
[05-Jun-2016 18:26:31 UTC] PHP Warning:  PDOStatement::fetch(): SQLSTATE[HY000]: General error in /home/ubuntu/workspace/init/index.php on line 208
[05-Jun-2016 18:26:31 UTC] PHP Stack trace:
[05-Jun-2016 18:26:31 UTC] PHP   1. {main}() /home/ubuntu/workspace/init/index.php:0
[05-Jun-2016 18:26:31 UTC] PHP   2. PDOStatement->fetch() /home/ubuntu/workspace/init/index.php:208
[05-Jun-2016 18:26:31 UTC] PHP Warning:  PDOStatement::fetch(): SQLSTATE[HY000]: General error in /home/ubuntu/workspace/init/index.php on line 229
[05-Jun-2016 18:26:31 UTC] PHP Stack trace:
[05-Jun-2016 18:26:31 UTC] PHP   1. {main}() /home/ubuntu/workspace/init/index.php:0
[05-Jun-2016 18:26:31 UTC] PHP   2. PDOStatement->fetch() /home/ubuntu/workspace/init/index.php:229
[05-Jun-2016 18:26:32 UTC] PHP Warning:  PDOStatement::fetch(): SQLSTATE[HY000]: General error in /home/ubuntu/workspace/init/index.php on line 250
[05-Jun-2016 18:26:32 UTC] PHP Stack trace:
[05-Jun-2016 18:26:32 UTC] PHP   1. {main}() /home/ubuntu/workspace/init/index.php:0
[05-Jun-2016 18:26:32 UTC] PHP   2. PDOStatement->fetch() /home/ubuntu/workspace/init/index.php:250
[05-Jun-2016 18:26:32 UTC] PHP Warning:  PDOStatement::execute(): SQLSTATE[23000]: Integrity constraint violation: 1048 Column 'Email' cannot be null in /home/ubuntu/workspace/init/index.php on line 286
[05-Jun-2016 18:26:32 UTC] PHP Stack trace:
[05-Jun-2016 18:26:32 UTC] PHP   1. {main}() /home/ubuntu/workspace/init/index.php:0
[05-Jun-2016 18:26:32 UTC] PHP   2. PDOStatement->execute() /home/ubuntu/workspace/init/index.php:286
[05-Jun-2016 18:26:33 UTC] PHP Warning:  PDOStatement::execute(): SQLSTATE[23000]: Integrity constraint violation: 1048 Column 'Email' cannot be null in /home/ubuntu/workspace/init/index.php on line 286
[05-Jun-2016 18:26:33 UTC] PHP Stack trace:
[05-Jun-2016 18:26:33 UTC] PHP   1. {main}() /home/ubuntu/workspace/init/index.php:0
[05-Jun-2016 18:26:33 UTC] PHP   2. PDOStatement->execute() /home/ubuntu/workspace/init/index.php:286
[05-Jun-2016 18:28:09 UTC] PHP Warning:  PDOStatement::fetch(): SQLSTATE[HY000]: General error in /home/ubuntu/workspace/init/index.php on line 208
[05-Jun-2016 18:28:09 UTC] PHP Stack trace:
[05-Jun-2016 18:28:09 UTC] PHP   1. {main}() /home/ubuntu/workspace/init/index.php:0
[05-Jun-2016 18:28:09 UTC] PHP   2. PDOStatement->fetch() /home/ubuntu/workspace/init/index.php:208
[05-Jun-2016 18:28:09 UTC] PHP Warning:  PDOStatement::fetch(): SQLSTATE[HY000]: General error in /home/ubuntu/workspace/init/index.php on line 229
[05-Jun-2016 18:28:09 UTC] PHP Stack trace:
[05-Jun-2016 18:28:09 UTC] PHP   1. {main}() /home/ubuntu/workspace/init/index.php:0
[05-Jun-2016 18:28:09 UTC] PHP   2. PDOStatement->fetch() /home/ubuntu/workspace/init/index.php:229
[05-Jun-2016 18:28:09 UTC] PHP Warning:  PDOStatement::fetch(): SQLSTATE[HY000]: General error in /home/ubuntu/workspace/init/index.php on line 250
[05-Jun-2016 18:28:09 UTC] PHP Stack trace:
[05-Jun-2016 18:28:09 UTC] PHP   1. {main}() /home/ubuntu/workspace/init/index.php:0
[05-Jun-2016 18:28:09 UTC] PHP   2. PDOStatement->fetch() /home/ubuntu/workspace/init/index.php:250
[05-Jun-2016 18:41:27 UTC] PHP Warning:  PDOStatement::fetch(): SQLSTATE[HY000]: General error in /home/ubuntu/workspace/init/index.php on line 208
[05-Jun-2016 18:41:27 UTC] PHP Stack trace:
[05-Jun-2016 18:41:27 UTC] PHP   1. {main}() /home/ubuntu/workspace/init/index.php:0
[05-Jun-2016 18:41:27 UTC] PHP   2. PDOStatement->fetch() /home/ubuntu/workspace/init/index.php:208
[05-Jun-2016 18:41:27 UTC] PHP Warning:  PDOStatement::fetch(): SQLSTATE[HY000]: General error in /home/ubuntu/workspace/init/index.php on line 229
[05-Jun-2016 18:41:27 UTC] PHP Stack trace:
[05-Jun-2016 18:41:27 UTC] PHP   1. {main}() /home/ubuntu/workspace/init/index.php:0
[05-Jun-2016 18:41:27 UTC] PHP   2. PDOStatement->fetch() /home/ubuntu/workspace/init/index.php:229
[05-Jun-2016 18:41:27 UTC] PHP Warning:  PDOStatement::fetch(): SQLSTATE[HY000]: General error in /home/ubuntu/workspace/init/index.php on line 250
[05-Jun-2016 18:41:27 UTC] PHP Stack trace:
[05-Jun-2016 18:41:27 UTC] PHP   1. {main}() /home/ubuntu/workspace/init/index.php:0
[05-Jun-2016 18:41:27 UTC] PHP   2. PDOStatement->fetch() /home/ubuntu/workspace/init/index.php:250
[05-Jun-2016 18:43:54 UTC] PHP Warning:  PDOStatement::fetch(): SQLSTATE[HY000]: General error in /home/ubuntu/workspace/init/index.php on line 208
[05-Jun-2016 18:43:54 UTC] PHP Stack trace:
[05-Jun-2016 18:43:54 UTC] PHP   1. {main}() /home/ubuntu/workspace/init/index.php:0
[05-Jun-2016 18:43:54 UTC] PHP   2. PDOStatement->fetch() /home/ubuntu/workspace/init/index.php:208
[05-Jun-2016 18:43:54 UTC] PHP Warning:  PDOStatement::fetch(): SQLSTATE[HY000]: General error in /home/ubuntu/workspace/init/index.php on line 229
[05-Jun-2016 18:43:54 UTC] PHP Stack trace:
[05-Jun-2016 18:43:54 UTC] PHP   1. {main}() /home/ubuntu/workspace/init/index.php:0
[05-Jun-2016 18:43:54 UTC] PHP   2. PDOStatement->fetch() /home/ubuntu/workspace/init/index.php:229
[05-Jun-2016 18:43:54 UTC] PHP Warning:  PDOStatement::fetch(): SQLSTATE[HY000]: General error in /home/ubuntu/workspace/init/index.php on line 250
[05-Jun-2016 18:43:54 UTC] PHP Stack trace:
[05-Jun-2016 18:43:54 UTC] PHP   1. {main}() /home/ubuntu/workspace/init/index.php:0
[05-Jun-2016 18:43:54 UTC] PHP   2. PDOStatement->fetch() /home/ubuntu/workspace/init/index.php:250
[05-Jun-2016 19:01:08 UTC] PHP Fatal error:  Uncaught exception 'PDOException' with message 'Error  : SQLSTATE[HY000] [2002] Connection refused' in /home/ubuntu/workspace/head.php:14
Stack trace:
#0 /home/ubuntu/workspace/Sales/Sales_Order_Add.php(2): require()
#1 {main}
  thrown in /home/ubuntu/workspace/head.php on line 14
[05-Jun-2016 19:01:17 UTC] PHP Fatal error:  Uncaught exception 'PDOException' with message 'Error  : SQLSTATE[HY000] [2002] Connection refused' in /home/ubuntu/workspace/head.php:14
Stack trace:
#0 /home/ubuntu/workspace/Sales/Sales_Order_Add.php(2): require()
#1 {main}
  thrown in /home/ubuntu/workspace/head.php on line 14
[05-Jun-2016 19:02:06 UTC] PHP Fatal error:  Uncaught exception 'PDOException' with message 'Error  : SQLSTATE[HY000] [2002] Connection refused' in /home/ubuntu/workspace/head.php:14
Stack trace:
#0 /home/ubuntu/workspace/Sales/Sales_Order_Add.php(2): require()
#1 {main}
  thrown in /home/ubuntu/workspace/head.php on line 14
[05-Jun-2016 19:16:09 UTC] PHP Fatal error:  Cannot use object of type stdClass as array in /home/ubuntu/workspace/Items/Item_Add.php on line 76
[05-Jun-2016 19:16:09 UTC] PHP Stack trace:
[05-Jun-2016 19:16:09 UTC] PHP   1. {main}() /home/ubuntu/workspace/Items/Item_Add.php:0
[05-Jun-2016 19:16:22 UTC] PHP Fatal error:  Call to undefined method stdClass::COUNT() in /home/ubuntu/workspace/Items/Item_Add.php on line 76
[05-Jun-2016 19:16:22 UTC] PHP Stack trace:
[05-Jun-2016 19:16:22 UTC] PHP   1. {main}() /home/ubuntu/workspace/Items/Item_Add.php:0
[05-Jun-2016 19:16:33 UTC] PHP Fatal error:  Call to undefined method stdClass::COUNT() in /home/ubuntu/workspace/Items/Item_Add.php on line 76
[05-Jun-2016 19:16:33 UTC] PHP Stack trace:
[05-Jun-2016 19:16:33 UTC] PHP   1. {main}() /home/ubuntu/workspace/Items/Item_Add.php:0
[05-Jun-2016 19:17:17 UTC] PHP Fatal error:  Cannot use object of type stdClass as array in /home/ubuntu/workspace/Items/Item_Add.php on line 76
[05-Jun-2016 19:17:17 UTC] PHP Stack trace:
[05-Jun-2016 19:17:17 UTC] PHP   1. {main}() /home/ubuntu/workspace/Items/Item_Add.php:0
[05-Jun-2016 19:24:07 UTC] PHP Warning:  Invalid argument supplied for foreach() in /home/ubuntu/workspace/Inventory/Receive_Search.php on line 153
[05-Jun-2016 19:24:07 UTC] PHP Stack trace:
[05-Jun-2016 19:24:07 UTC] PHP   1. {main}() /home/ubuntu/workspace/Inventory/Receive_Search.php:0
[05-Jun-2016 20:44:54 UTC] PHP Parse error:  syntax error, unexpected '':Productcode'' (T_CONSTANT_ENCAPSED_STRING), expecting ')' in /home/ubuntu/workspace/Items/Item_Add.php on line 163
[06-Jun-2016 02:54:15 UTC] PHP Warning:  PDOStatement::execute(): SQLSTATE[42S22]: Column not found: 1054 Unknown column 'SO_ValidDate' in 'field list' in /home/ubuntu/workspace/Sales/Sales_Order_Add.php on line 194
[06-Jun-2016 02:54:15 UTC] PHP Stack trace:
[06-Jun-2016 02:54:15 UTC] PHP   1. {main}() /home/ubuntu/workspace/Sales/Sales_Order_Add.php:0
[06-Jun-2016 02:54:15 UTC] PHP   2. PDOStatement->execute() /home/ubuntu/workspace/Sales/Sales_Order_Add.php:194
[06-Jun-2016 02:54:15 UTC] PHP Warning:  PDOStatement::execute(): SQLSTATE[42S22]: Column not found: 1054 Unknown column 'SO_List_Product_id' in 'field list' in /home/ubuntu/workspace/Sales/Sales_Order_Add.php on line 325
[06-Jun-2016 02:54:15 UTC] PHP Stack trace:
[06-Jun-2016 02:54:15 UTC] PHP   1. {main}() /home/ubuntu/workspace/Sales/Sales_Order_Add.php:0
[06-Jun-2016 02:54:15 UTC] PHP   2. PDOStatement->execute() /home/ubuntu/workspace/Sales/Sales_Order_Add.php:325
[06-Jun-2016 02:56:00 UTC] PHP Warning:  PDOStatement::execute(): SQLSTATE[23000]: Integrity constraint violation: 1452 Cannot add or update a child row: a foreign key constraint fails (`c9`.`SalesOrder`, CONSTRAINT `FKSalesOrder688273` FOREIGN KEY (`SO_DeliveryMethod_id`) REFERENCES `DeliveryMethod` (`DeliveryMethod_id`)) in /home/ubuntu/workspace/Sales/Sales_Order_Add.php on line 194
[06-Jun-2016 02:56:00 UTC] PHP Stack trace:
[06-Jun-2016 02:56:00 UTC] PHP   1. {main}() /home/ubuntu/workspace/Sales/Sales_Order_Add.php:0
[06-Jun-2016 02:56:00 UTC] PHP   2. PDOStatement->execute() /home/ubuntu/workspace/Sales/Sales_Order_Add.php:194
[06-Jun-2016 02:56:00 UTC] PHP Warning:  PDOStatement::execute(): SQLSTATE[42S22]: Column not found: 1054 Unknown column 'SO_List_Product_id' in 'field list' in /home/ubuntu/workspace/Sales/Sales_Order_Add.php on line 325
[06-Jun-2016 02:56:00 UTC] PHP Stack trace:
[06-Jun-2016 02:56:00 UTC] PHP   1. {main}() /home/ubuntu/workspace/Sales/Sales_Order_Add.php:0
[06-Jun-2016 02:56:00 UTC] PHP   2. PDOStatement->execute() /home/ubuntu/workspace/Sales/Sales_Order_Add.php:325
[06-Jun-2016 02:59:31 UTC] PHP Warning:  PDOStatement::execute(): SQLSTATE[42S22]: Column not found: 1054 Unknown column 'SO_List_Product_id' in 'field list' in /home/ubuntu/workspace/Sales/Sales_Order_Add.php on line 325
[06-Jun-2016 02:59:31 UTC] PHP Stack trace:
[06-Jun-2016 02:59:31 UTC] PHP   1. {main}() /home/ubuntu/workspace/Sales/Sales_Order_Add.php:0
[06-Jun-2016 02:59:31 UTC] PHP   2. PDOStatement->execute() /home/ubuntu/workspace/Sales/Sales_Order_Add.php:325
[06-Jun-2016 03:00:50 UTC] PHP Warning:  PDOStatement::execute(): SQLSTATE[42S22]: Column not found: 1054 Unknown column 'SO_Amount' in 'field list' in /home/ubuntu/workspace/Sales/Sales_Order_Add.php on line 325
[06-Jun-2016 03:00:50 UTC] PHP Stack trace:
[06-Jun-2016 03:00:50 UTC] PHP   1. {main}() /home/ubuntu/workspace/Sales/Sales_Order_Add.php:0
[06-Jun-2016 03:00:50 UTC] PHP   2. PDOStatement->execute() /home/ubuntu/workspace/Sales/Sales_Order_Add.php:325
[06-Jun-2016 03:26:52 UTC] PHP Warning:  PDOStatement::execute(): SQLSTATE[42S22]: Column not found: 1054 Unknown column 'SO_Amount' in 'field list' in /home/ubuntu/workspace/Sales/Sales_Order_Add.php on line 458
[06-Jun-2016 03:26:52 UTC] PHP Stack trace:
[06-Jun-2016 03:26:52 UTC] PHP   1. {main}() /home/ubuntu/workspace/Sales/Sales_Order_Add.php:0
[06-Jun-2016 03:26:52 UTC] PHP   2. PDOStatement->execute() /home/ubuntu/workspace/Sales/Sales_Order_Add.php:458
[06-Jun-2016 03:27:30 UTC] PHP Warning:  PDOStatement::execute(): SQLSTATE[42000]: Syntax error or access violation: 1064 You have an error in your SQL syntax; check the manual that corresponds to your MySQL server version for the right syntax to use near 'WHERE SOList_id = '2'' at line 9 in /home/ubuntu/workspace/Sales/Sales_Order_Add.php on line 456
[06-Jun-2016 03:27:30 UTC] PHP Stack trace:
[06-Jun-2016 03:27:30 UTC] PHP   1. {main}() /home/ubuntu/workspace/Sales/Sales_Order_Add.php:0
[06-Jun-2016 03:27:30 UTC] PHP   2. PDOStatement->execute() /home/ubuntu/workspace/Sales/Sales_Order_Add.php:456
[06-Jun-2016 03:52:59 UTC] PHP Fatal error:  Cannot use object of type stdClass as array in /home/ubuntu/workspace/Sales/Sales_Order_Search.php on line 94
[06-Jun-2016 03:52:59 UTC] PHP Stack trace:
[06-Jun-2016 03:52:59 UTC] PHP   1. {main}() /home/ubuntu/workspace/Sales/Sales_Order_Search.php:0
[06-Jun-2016 03:53:19 UTC] PHP Fatal error:  Cannot use object of type stdClass as array in /home/ubuntu/workspace/Sales/Sales_Order_Search.php on line 94
[06-Jun-2016 03:53:19 UTC] PHP Stack trace:
[06-Jun-2016 03:53:19 UTC] PHP   1. {main}() /home/ubuntu/workspace/Sales/Sales_Order_Search.php:0
[06-Jun-2016 03:59:52 UTC] PHP Warning:  PDOStatement::execute(): SQLSTATE[23000]: Integrity constraint violation: 1452 Cannot add or update a child row: a foreign key constraint fails (`c9`.`Customer`, CONSTRAINT `FKCustomer690418` FOREIGN KEY (`CustomerUser_id`) REFERENCES `Users` (`User_id`)) in /home/ubuntu/workspace/Partners/Customer.php on line 184
[06-Jun-2016 03:59:52 UTC] PHP Stack trace:
[06-Jun-2016 03:59:52 UTC] PHP   1. {main}() /home/ubuntu/workspace/Partners/Customer.php:0
[06-Jun-2016 03:59:52 UTC] PHP   2. PDOStatement->execute() /home/ubuntu/workspace/Partners/Customer.php:184
[06-Jun-2016 04:09:19 UTC] PHP Warning:  PDOStatement::execute(): SQLSTATE[23000]: Integrity constraint violation: 1452 Cannot add or update a child row: a foreign key constraint fails (`c9`.`Customer`, CONSTRAINT `FKCustomer690418` FOREIGN KEY (`CustomerUser_id`) REFERENCES `Users` (`User_id`)) in /home/ubuntu/workspace/Partners/Customer.php on line 124
[06-Jun-2016 04:09:19 UTC] PHP Stack trace:
[06-Jun-2016 04:09:19 UTC] PHP   1. {main}() /home/ubuntu/workspace/Partners/Customer.php:0
[06-Jun-2016 04:09:19 UTC] PHP   2. PDOStatement->execute() /home/ubuntu/workspace/Partners/Customer.php:124
[06-Jun-2016 04:09:38 UTC] PHP Warning:  PDOStatement::execute(): SQLSTATE[23000]: Integrity constraint violation: 1452 Cannot add or update a child row: a foreign key constraint fails (`c9`.`Customer`, CONSTRAINT `FKCustomer690418` FOREIGN KEY (`CustomerUser_id`) REFERENCES `Users` (`User_id`)) in /home/ubuntu/workspace/Partners/Customer.php on line 124
[06-Jun-2016 04:09:38 UTC] PHP Stack trace:
[06-Jun-2016 04:09:38 UTC] PHP   1. {main}() /home/ubuntu/workspace/Partners/Customer.php:0
[06-Jun-2016 04:09:38 UTC] PHP   2. PDOStatement->execute() /home/ubuntu/workspace/Partners/Customer.php:124
[06-Jun-2016 04:25:04 UTC] PHP Warning:  array_filter() expects parameter 1 to be array, null given in /home/ubuntu/workspace/Purchase/Purchase_Order_Add.php on line 282
[06-Jun-2016 04:25:04 UTC] PHP Stack trace:
[06-Jun-2016 04:25:04 UTC] PHP   1. {main}() /home/ubuntu/workspace/Purchase/Purchase_Order_Add.php:0
[06-Jun-2016 04:25:04 UTC] PHP   2. array_filter() /home/ubuntu/workspace/Purchase/Purchase_Order_Add.php:282
[06-Jun-2016 04:25:04 UTC] PHP Warning:  Invalid argument supplied for foreach() in /home/ubuntu/workspace/Purchase/Purchase_Order_Add.php on line 292
[06-Jun-2016 04:25:04 UTC] PHP Stack trace:
[06-Jun-2016 04:25:04 UTC] PHP   1. {main}() /home/ubuntu/workspace/Purchase/Purchase_Order_Add.php:0
[06-Jun-2016 07:35:30 UTC] PHP Warning:  PDOStatement::execute(): SQLSTATE[42000]: Syntax error or access violation: 1064 You have an error in your SQL syntax; check the manual that corresponds to your MySQL server version for the right syntax to use near '' at line 1 in /home/ubuntu/workspace/Items/Item_Search.php on line 77
[06-Jun-2016 07:35:30 UTC] PHP Stack trace:
[06-Jun-2016 07:35:30 UTC] PHP   1. {main}() /home/ubuntu/workspace/Items/Item_Search.php:0
[06-Jun-2016 07:35:30 UTC] PHP   2. PDOStatement->execute() /home/ubuntu/workspace/Items/Item_Search.php:77
[06-Jun-2016 08:03:31 UTC] PHP Warning:  array_filter() expects parameter 1 to be array, null given in /home/ubuntu/workspace/Sales/Sales_Order_Add.php on line 282
[06-Jun-2016 08:03:31 UTC] PHP Stack trace:
[06-Jun-2016 08:03:31 UTC] PHP   1. {main}() /home/ubuntu/workspace/Sales/Sales_Order_Add.php:0
[06-Jun-2016 08:03:31 UTC] PHP   2. array_filter() /home/ubuntu/workspace/Sales/Sales_Order_Add.php:282
[23-Jun-2016 07:21:27 UTC] PHP Warning:  PDOStatement::execute(): SQLSTATE[23000]: Integrity constraint violation: 1452 Cannot add or update a child row: a foreign key constraint fails (`c9`.`Vendor`, CONSTRAINT `FKVendor723328` FOREIGN KEY (`VendorUser_id`) REFERENCES `Users` (`User_id`)) in /home/ubuntu/workspace/Partners/Vendor.php on line 138
[23-Jun-2016 07:21:27 UTC] PHP Stack trace:
[23-Jun-2016 07:21:27 UTC] PHP   1. {main}() /home/ubuntu/workspace/Partners/Vendor.php:0
[23-Jun-2016 07:21:27 UTC] PHP   2. PDOStatement->execute() /home/ubuntu/workspace/Partners/Vendor.php:138
[23-Jun-2016 07:48:04 UTC] PHP Warning:  PDOStatement::execute(): SQLSTATE[42000]: Syntax error or access violation: 1064 You have an error in your SQL syntax; check the manual that corresponds to your MySQL server version for the right syntax to use near '' at line 1 in /home/ubuntu/workspace/Items/Item_Search.php on line 77
[23-Jun-2016 07:48:04 UTC] PHP Stack trace:
[23-Jun-2016 07:48:04 UTC] PHP   1. {main}() /home/ubuntu/workspace/Items/Item_Search.php:0
[23-Jun-2016 07:48:04 UTC] PHP   2. PDOStatement->execute() /home/ubuntu/workspace/Items/Item_Search.php:77
[23-Jun-2016 07:48:10 UTC] PHP Warning:  PDOStatement::execute(): SQLSTATE[42000]: Syntax error or access violation: 1064 You have an error in your SQL syntax; check the manual that corresponds to your MySQL server version for the right syntax to use near '' at line 1 in /home/ubuntu/workspace/Items/Item_Search.php on line 77
[23-Jun-2016 07:48:10 UTC] PHP Stack trace:
[23-Jun-2016 07:48:10 UTC] PHP   1. {main}() /home/ubuntu/workspace/Items/Item_Search.php:0
[23-Jun-2016 07:48:10 UTC] PHP   2. PDOStatement->execute() /home/ubuntu/workspace/Items/Item_Search.php:77
[23-Jun-2016 07:48:19 UTC] PHP Warning:  PDOStatement::execute(): SQLSTATE[42000]: Syntax error or access violation: 1064 You have an error in your SQL syntax; check the manual that corresponds to your MySQL server version for the right syntax to use near '' at line 1 in /home/ubuntu/workspace/Items/Item_Search.php on line 77
[23-Jun-2016 07:48:19 UTC] PHP Stack trace:
[23-Jun-2016 07:48:19 UTC] PHP   1. {main}() /home/ubuntu/workspace/Items/Item_Search.php:0
[23-Jun-2016 07:48:19 UTC] PHP   2. PDOStatement->execute() /home/ubuntu/workspace/Items/Item_Search.php:77
[23-Jun-2016 07:50:59 UTC] PHP Fatal error:  Call to undefined method PDOStatement::exec() in /home/ubuntu/workspace/Items/Item_Search.php on line 77
[23-Jun-2016 07:50:59 UTC] PHP Stack trace:
[23-Jun-2016 07:50:59 UTC] PHP   1. {main}() /home/ubuntu/workspace/Items/Item_Search.php:0
[23-Jun-2016 07:51:07 UTC] PHP Warning:  PDOStatement::execute(): SQLSTATE[42000]: Syntax error or access violation: 1064 You have an error in your SQL syntax; check the manual that corresponds to your MySQL server version for the right syntax to use near '' at line 1 in /home/ubuntu/workspace/Items/Item_Search.php on line 77
[23-Jun-2016 07:51:07 UTC] PHP Stack trace:
[23-Jun-2016 07:51:07 UTC] PHP   1. {main}() /home/ubuntu/workspace/Items/Item_Search.php:0
[23-Jun-2016 07:51:07 UTC] PHP   2. PDOStatement->execute() /home/ubuntu/workspace/Items/Item_Search.php:77
[23-Jun-2016 07:53:44 UTC] PHP Warning:  PDOStatement::execute(): SQLSTATE[42000]: Syntax error or access violation: 1064 You have an error in your SQL syntax; check the manual that corresponds to your MySQL server version for the right syntax to use near '' at line 1 in /home/ubuntu/workspace/Items/Item_Search.php on line 77
[23-Jun-2016 07:53:44 UTC] PHP Stack trace:
[23-Jun-2016 07:53:44 UTC] PHP   1. {main}() /home/ubuntu/workspace/Items/Item_Search.php:0
[23-Jun-2016 07:53:44 UTC] PHP   2. PDOStatement->execute() /home/ubuntu/workspace/Items/Item_Search.php:77
[23-Jun-2016 08:02:27 UTC] PHP Fatal error:  Cannot use object of type stdClass as array in /home/ubuntu/workspace/Items/Item_Search.php on line 231
[23-Jun-2016 08:02:27 UTC] PHP Stack trace:
[23-Jun-2016 08:02:27 UTC] PHP   1. {main}() /home/ubuntu/workspace/Items/Item_Search.php:0
[23-Jun-2016 08:02:30 UTC] PHP Fatal error:  Cannot use object of type stdClass as array in /home/ubuntu/workspace/Items/Item_Search.php on line 231
[23-Jun-2016 08:02:30 UTC] PHP Stack trace:
[23-Jun-2016 08:02:30 UTC] PHP   1. {main}() /home/ubuntu/workspace/Items/Item_Search.php:0
[23-Jun-2016 08:02:31 UTC] PHP Fatal error:  Cannot use object of type stdClass as array in /home/ubuntu/workspace/Items/Item_Search.php on line 231
[23-Jun-2016 08:02:31 UTC] PHP Stack trace:
[23-Jun-2016 08:02:31 UTC] PHP   1. {main}() /home/ubuntu/workspace/Items/Item_Search.php:0
[23-Jun-2016 08:06:11 UTC] PHP Warning:  PDOStatement::execute(): SQLSTATE[42000]: Syntax error or access violation: 1064 You have an error in your SQL syntax; check the manual that corresponds to your MySQL server version for the right syntax to use near '' at line 1 in /home/ubuntu/workspace/Items/Item_Search.php on line 77
[23-Jun-2016 08:06:11 UTC] PHP Stack trace:
[23-Jun-2016 08:06:11 UTC] PHP   1. {main}() /home/ubuntu/workspace/Items/Item_Search.php:0
[23-Jun-2016 08:06:11 UTC] PHP   2. PDOStatement->execute() /home/ubuntu/workspace/Items/Item_Search.php:77
[23-Jun-2016 10:25:55 UTC] PHP Warning:  PDOStatement::execute(): SQLSTATE[42000]: Syntax error or access violation: 1064 You have an error in your SQL syntax; check the manual that corresponds to your MySQL server version for the right syntax to use near '' at line 1 in /home/ubuntu/workspace/Items/Item_Search.php on line 77
[23-Jun-2016 10:25:55 UTC] PHP Stack trace:
[23-Jun-2016 10:25:55 UTC] PHP   1. {main}() /home/ubuntu/workspace/Items/Item_Search.php:0
[23-Jun-2016 10:25:55 UTC] PHP   2. PDOStatement->execute() /home/ubuntu/workspace/Items/Item_Search.php:77
[23-Jun-2016 10:26:12 UTC] PHP Warning:  PDOStatement::execute(): SQLSTATE[42000]: Syntax error or access violation: 1064 You have an error in your SQL syntax; check the manual that corresponds to your MySQL server version for the right syntax to use near '' at line 1 in /home/ubuntu/workspace/Items/Item_Search.php on line 77
[23-Jun-2016 10:26:12 UTC] PHP Stack trace:
[23-Jun-2016 10:26:12 UTC] PHP   1. {main}() /home/ubuntu/workspace/Items/Item_Search.php:0
[23-Jun-2016 10:26:12 UTC] PHP   2. PDOStatement->execute() /home/ubuntu/workspace/Items/Item_Search.php:77
[23-Jun-2016 10:41:39 UTC] PHP Warning:  PDOStatement::execute(): SQLSTATE[23000]: Integrity constraint violation: 1452 Cannot add or update a child row: a foreign key constraint fails (`c9`.`Vendor`, CONSTRAINT `FKVendor723328` FOREIGN KEY (`VendorUser_id`) REFERENCES `Users` (`User_id`)) in /home/ubuntu/workspace/Partners/Vendor.php on line 198
[23-Jun-2016 10:41:39 UTC] PHP Stack trace:
[23-Jun-2016 10:41:39 UTC] PHP   1. {main}() /home/ubuntu/workspace/Partners/Vendor.php:0
[23-Jun-2016 10:41:39 UTC] PHP   2. PDOStatement->execute() /home/ubuntu/workspace/Partners/Vendor.php:198
[23-Jun-2016 10:50:20 UTC] PHP Warning:  array_filter() expects parameter 1 to be array, null given in /home/ubuntu/workspace/Purchase/Purchase_Order_Add.php on line 284
[23-Jun-2016 10:50:20 UTC] PHP Stack trace:
[23-Jun-2016 10:50:20 UTC] PHP   1. {main}() /home/ubuntu/workspace/Purchase/Purchase_Order_Add.php:0
[23-Jun-2016 10:50:20 UTC] PHP   2. array_filter() /home/ubuntu/workspace/Purchase/Purchase_Order_Add.php:284
[23-Jun-2016 10:50:20 UTC] PHP Warning:  Invalid argument supplied for foreach() in /home/ubuntu/workspace/Purchase/Purchase_Order_Add.php on line 294
[23-Jun-2016 10:50:20 UTC] PHP Stack trace:
[23-Jun-2016 10:50:20 UTC] PHP   1. {main}() /home/ubuntu/workspace/Purchase/Purchase_Order_Add.php:0
[23-Jun-2016 11:01:54 UTC] PHP Parse error:  syntax error, unexpected 'else' (T_ELSE) in /home/ubuntu/workspace/Purchase/Purchase_Order_Add.php on line 261
[23-Jun-2016 11:03:43 UTC] PHP Warning:  array_filter() expects parameter 1 to be array, null given in /home/ubuntu/workspace/Purchase/Purchase_Order_Add.php on line 316
[23-Jun-2016 11:03:43 UTC] PHP Stack trace:
[23-Jun-2016 11:03:43 UTC] PHP   1. {main}() /home/ubuntu/workspace/Purchase/Purchase_Order_Add.php:0
[23-Jun-2016 11:03:43 UTC] PHP   2. array_filter() /home/ubuntu/workspace/Purchase/Purchase_Order_Add.php:316
[23-Jun-2016 11:06:01 UTC] PHP Parse error:  syntax error, unexpected ')' in /home/ubuntu/workspace/Purchase/Purchase_Order_Add.php on line 281
[23-Jun-2016 11:08:14 UTC] PHP Warning:  array_filter() expects parameter 1 to be array, null given in /home/ubuntu/workspace/Purchase/Purchase_Order_Add.php on line 316
[23-Jun-2016 11:08:14 UTC] PHP Stack trace:
[23-Jun-2016 11:08:14 UTC] PHP   1. {main}() /home/ubuntu/workspace/Purchase/Purchase_Order_Add.php:0
[23-Jun-2016 11:08:14 UTC] PHP   2. array_filter() /home/ubuntu/workspace/Purchase/Purchase_Order_Add.php:316
[23-Jun-2016 11:09:52 UTC] PHP Parse error:  syntax error, unexpected ')' in /home/ubuntu/workspace/Purchase/Purchase_Order_Add.php on line 316
[23-Jun-2016 11:22:56 UTC] PHP Parse error:  syntax error, unexpected ')' in /home/ubuntu/workspace/Purchase/Purchase_Order_Add.php on line 281
[23-Jun-2016 11:23:24 UTC] PHP Parse error:  syntax error, unexpected 'else' (T_ELSE) in /home/ubuntu/workspace/Purchase/Purchase_Order_Add.php on line 261
[23-Jun-2016 11:25:05 UTC] PHP Parse error:  syntax error, unexpected '}' in /home/ubuntu/workspace/Purchase/Purchase_Order_Add.php on line 463
[23-Jun-2016 11:25:33 UTC] PHP Parse error:  syntax error, unexpected '}' in /home/ubuntu/workspace/Purchase/Purchase_Order_Add.php on line 487
[23-Jun-2016 21:00:52 UTC] PHP Fatal error:  Cannot use object of type stdClass as array in /home/ubuntu/workspace/Purchase/Purchase_Order_Search.php on line 94
[23-Jun-2016 21:00:52 UTC] PHP Stack trace:
[23-Jun-2016 21:00:52 UTC] PHP   1. {main}() /home/ubuntu/workspace/Purchase/Purchase_Order_Search.php:0
[23-Jun-2016 21:00:58 UTC] PHP Fatal error:  Cannot use object of type stdClass as array in /home/ubuntu/workspace/Purchase/Purchase_Order_Search.php on line 94
[23-Jun-2016 21:00:58 UTC] PHP Stack trace:
[23-Jun-2016 21:00:58 UTC] PHP   1. {main}() /home/ubuntu/workspace/Purchase/Purchase_Order_Search.php:0
[23-Jun-2016 21:01:12 UTC] PHP Fatal error:  Cannot use object of type stdClass as array in /home/ubuntu/workspace/Purchase/Purchase_Order_Search.php on line 94
[23-Jun-2016 21:01:12 UTC] PHP Stack trace:
[23-Jun-2016 21:01:12 UTC] PHP   1. {main}() /home/ubuntu/workspace/Purchase/Purchase_Order_Search.php:0
[23-Jun-2016 21:35:14 UTC] PHP Fatal error:  Cannot use object of type stdClass as array in /home/ubuntu/workspace/Purchase/Purchase_Order_Search.php on line 94
[23-Jun-2016 21:35:14 UTC] PHP Stack trace:
[23-Jun-2016 21:35:14 UTC] PHP   1. {main}() /home/ubuntu/workspace/Purchase/Purchase_Order_Search.php:0
[23-Jun-2016 21:35:24 UTC] PHP Fatal error:  Cannot use object of type stdClass as array in /home/ubuntu/workspace/Purchase/Purchase_Order_Search.php on line 94
[23-Jun-2016 21:35:24 UTC] PHP Stack trace:
[23-Jun-2016 21:35:24 UTC] PHP   1. {main}() /home/ubuntu/workspace/Purchase/Purchase_Order_Search.php:0
[23-Jun-2016 21:37:43 UTC] PHP Fatal error:  Cannot use object of type stdClass as array in /home/ubuntu/workspace/Purchase/Purchase_Order_Search.php on line 94
[23-Jun-2016 21:37:43 UTC] PHP Stack trace:
[23-Jun-2016 21:37:43 UTC] PHP   1. {main}() /home/ubuntu/workspace/Purchase/Purchase_Order_Search.php:0
[23-Jun-2016 23:57:39 UTC] PHP Warning:  PDOStatement::execute(): SQLSTATE[23000]: Integrity constraint violation: 1452 Cannot add or update a child row: a foreign key constraint fails (`c9`.`Vendor`, CONSTRAINT `FKVendor723328` FOREIGN KEY (`VendorUser_id`) REFERENCES `Users` (`User_id`)) in /home/ubuntu/workspace/Partners/Vendor.php on line 140
[23-Jun-2016 23:57:39 UTC] PHP Stack trace:
[23-Jun-2016 23:57:39 UTC] PHP   1. {main}() /home/ubuntu/workspace/Partners/Vendor.php:0
[23-Jun-2016 23:57:39 UTC] PHP   2. PDOStatement->execute() /home/ubuntu/workspace/Partners/Vendor.php:140
[23-Jun-2016 23:57:56 UTC] PHP Warning:  PDOStatement::execute(): SQLSTATE[23000]: Integrity constraint violation: 1452 Cannot add or update a child row: a foreign key constraint fails (`c9`.`Vendor`, CONSTRAINT `FKVendor723328` FOREIGN KEY (`VendorUser_id`) REFERENCES `Users` (`User_id`)) in /home/ubuntu/workspace/Partners/Vendor.php on line 140
[23-Jun-2016 23:57:56 UTC] PHP Stack trace:
[23-Jun-2016 23:57:56 UTC] PHP   1. {main}() /home/ubuntu/workspace/Partners/Vendor.php:0
[23-Jun-2016 23:57:56 UTC] PHP   2. PDOStatement->execute() /home/ubuntu/workspace/Partners/Vendor.php:140
[23-Jun-2016 23:58:11 UTC] PHP Warning:  PDOStatement::execute(): SQLSTATE[23000]: Integrity constraint violation: 1452 Cannot add or update a child row: a foreign key constraint fails (`c9`.`Vendor`, CONSTRAINT `FKVendor723328` FOREIGN KEY (`VendorUser_id`) REFERENCES `Users` (`User_id`)) in /home/ubuntu/workspace/Partners/Vendor.php on line 140
[23-Jun-2016 23:58:11 UTC] PHP Stack trace:
[23-Jun-2016 23:58:11 UTC] PHP   1. {main}() /home/ubuntu/workspace/Partners/Vendor.php:0
[23-Jun-2016 23:58:11 UTC] PHP   2. PDOStatement->execute() /home/ubuntu/workspace/Partners/Vendor.php:140
[24-Jun-2016 00:08:50 UTC] PHP Warning:  PDOStatement::execute(): SQLSTATE[23000]: Integrity constraint violation: 1048 Column 'SO_Customer_id' cannot be null in /home/ubuntu/workspace/Sales/Product_list.php on line 35
[24-Jun-2016 00:08:50 UTC] PHP Stack trace:
[24-Jun-2016 00:08:50 UTC] PHP   1. {main}() /home/ubuntu/workspace/Sales/Product_list.php:0
[24-Jun-2016 00:08:50 UTC] PHP   2. PDOStatement->execute() /home/ubuntu/workspace/Sales/Product_list.php:35
[24-Jun-2016 00:08:50 UTC] PHP Warning:  PDOStatement::execute(): SQLSTATE[23000]: Integrity constraint violation: 1048 Column 'SO_List_SalesOrder_id' cannot be null in /home/ubuntu/workspace/Sales/Product_list.php on line 100
[24-Jun-2016 00:08:50 UTC] PHP Stack trace:
[24-Jun-2016 00:08:50 UTC] PHP   1. {main}() /home/ubuntu/workspace/Sales/Product_list.php:0
[24-Jun-2016 00:08:50 UTC] PHP   2. PDOStatement->execute() /home/ubuntu/workspace/Sales/Product_list.php:100
[24-Jun-2016 00:08:50 UTC] PHP Warning:  PDOStatement::execute(): SQLSTATE[23000]: Integrity constraint violation: 1048 Column 'SO_List_SalesOrder_id' cannot be null in /home/ubuntu/workspace/Sales/Product_list.php on line 100
[24-Jun-2016 00:08:50 UTC] PHP Stack trace:
[24-Jun-2016 00:08:50 UTC] PHP   1. {main}() /home/ubuntu/workspace/Sales/Product_list.php:0
[24-Jun-2016 00:08:50 UTC] PHP   2. PDOStatement->execute() /home/ubuntu/workspace/Sales/Product_list.php:100
[24-Jun-2016 00:08:50 UTC] PHP Warning:  PDOStatement::execute(): SQLSTATE[23000]: Integrity constraint violation: 1048 Column 'SO_List_SalesOrder_id' cannot be null in /home/ubuntu/workspace/Sales/Product_list.php on line 100
[24-Jun-2016 00:08:50 UTC] PHP Stack trace:
[24-Jun-2016 00:08:50 UTC] PHP   1. {main}() /home/ubuntu/workspace/Sales/Product_list.php:0
[24-Jun-2016 00:08:50 UTC] PHP   2. PDOStatement->execute() /home/ubuntu/workspace/Sales/Product_list.php:100
[24-Jun-2016 00:27:28 UTC] PHP Warning:  PDOStatement::execute(): SQLSTATE[23000]: Integrity constraint violation: 1048 Column 'SO_List_UnitPrice' cannot be null in /home/ubuntu/workspace/Sales/Product_list.php on line 100
[24-Jun-2016 00:27:28 UTC] PHP Stack trace:
[24-Jun-2016 00:27:28 UTC] PHP   1. {main}() /home/ubuntu/workspace/Sales/Product_list.php:0
[24-Jun-2016 00:27:28 UTC] PHP   2. PDOStatement->execute() /home/ubuntu/workspace/Sales/Product_list.php:100
[24-Jun-2016 00:27:28 UTC] PHP Warning:  PDOStatement::execute(): SQLSTATE[23000]: Integrity constraint violation: 1048 Column 'SO_List_UnitPrice' cannot be null in /home/ubuntu/workspace/Sales/Product_list.php on line 100
[24-Jun-2016 00:27:28 UTC] PHP Stack trace:
[24-Jun-2016 00:27:28 UTC] PHP   1. {main}() /home/ubuntu/workspace/Sales/Product_list.php:0
[24-Jun-2016 00:27:28 UTC] PHP   2. PDOStatement->execute() /home/ubuntu/workspace/Sales/Product_list.php:100
[24-Jun-2016 01:01:05 UTC] PHP Parse error:  syntax error, unexpected end of file in /home/ubuntu/workspace/Sales/Product_list.php on line 289
[24-Jun-2016 01:01:08 UTC] PHP Parse error:  syntax error, unexpected end of file in /home/ubuntu/workspace/Sales/Product_list.php on line 289
[24-Jun-2016 01:01:15 UTC] PHP Parse error:  syntax error, unexpected end of file in /home/ubuntu/workspace/Sales/Product_list.php on line 289
[24-Jun-2016 01:01:18 UTC] PHP Parse error:  syntax error, unexpected end of file in /home/ubuntu/workspace/Sales/Product_list.php on line 289
[24-Jun-2016 01:01:19 UTC] PHP Parse error:  syntax error, unexpected end of file in /home/ubuntu/workspace/Sales/Product_list.php on line 289
[24-Jun-2016 01:01:28 UTC] PHP Parse error:  syntax error, unexpected end of file in /home/ubuntu/workspace/Sales/Product_list.php on line 289
[25-Jun-2016 08:35:35 UTC] PHP Warning:  PDOStatement::execute(): SQLSTATE[23000]: Integrity constraint violation: 1048 Column 'SO_Customer_id' cannot be null in /home/ubuntu/workspace/Sales/Product_list.php on line 35
[25-Jun-2016 08:35:35 UTC] PHP Stack trace:
[25-Jun-2016 08:35:35 UTC] PHP   1. {main}() /home/ubuntu/workspace/Sales/Product_list.php:0
[25-Jun-2016 08:35:35 UTC] PHP   2. PDOStatement->execute() /home/ubuntu/workspace/Sales/Product_list.php:35
[25-Jun-2016 08:35:35 UTC] PHP Warning:  PDOStatement::execute(): SQLSTATE[23000]: Integrity constraint violation: 1048 Column 'SO_List_SalesOrder_id' cannot be null in /home/ubuntu/workspace/Sales/Product_list.php on line 105
[25-Jun-2016 08:35:35 UTC] PHP Stack trace:
[25-Jun-2016 08:35:35 UTC] PHP   1. {main}() /home/ubuntu/workspace/Sales/Product_list.php:0
[25-Jun-2016 08:35:35 UTC] PHP   2. PDOStatement->execute() /home/ubuntu/workspace/Sales/Product_list.php:105
[25-Jun-2016 08:36:44 UTC] PHP Warning:  PDOStatement::execute(): SQLSTATE[23000]: Integrity constraint violation: 1048 Column 'SO_Customer_id' cannot be null in /home/ubuntu/workspace/Sales/Product_list.php on line 35
[25-Jun-2016 08:36:44 UTC] PHP Stack trace:
[25-Jun-2016 08:36:44 UTC] PHP   1. {main}() /home/ubuntu/workspace/Sales/Product_list.php:0
[25-Jun-2016 08:36:44 UTC] PHP   2. PDOStatement->execute() /home/ubuntu/workspace/Sales/Product_list.php:35
[25-Jun-2016 08:36:44 UTC] PHP Warning:  PDOStatement::execute(): SQLSTATE[23000]: Integrity constraint violation: 1048 Column 'SO_List_SalesOrder_id' cannot be null in /home/ubuntu/workspace/Sales/Product_list.php on line 105
[25-Jun-2016 08:36:44 UTC] PHP Stack trace:
[25-Jun-2016 08:36:44 UTC] PHP   1. {main}() /home/ubuntu/workspace/Sales/Product_list.php:0
[25-Jun-2016 08:36:44 UTC] PHP   2. PDOStatement->execute() /home/ubuntu/workspace/Sales/Product_list.php:105
